<?xml version="1.0" encoding="UTF-8"?>
<!-- Generated by org.testng.reporters.JUnitReportReporter -->
<testsuite hostname="LAPTOP-JM3CIU4V" failures="0" tests="2" name="testRunner.TestRunner" time="95.132" errors="0" timestamp="2024-12-04T15:09:07 IST" skipped="0">
  <testcase classname="testRunner.TestRunner" name="runScenario" time="76.887"/>
  <system-out/>
  <testcase classname="testRunner.TestRunner" name="runScenario" time="18.245"/>
  <system-out/>
</testsuite> <!-- testRunner.TestRunner -->
